This file contains any messages produced by compilers while
running configure, to aid debugging if configure makes a mistake.

It was created by configure, which was
generated by GNU Autoconf 2.59.  Invocation command line was

  $ ./configure 

## --------- ##
## Platform. ##
## --------- ##

hostname = PC-IAN
uname -m = i686
uname -r = 1.0.11(0.46/3/2)
uname -s = MINGW32_NT-6.1
uname -v = 2008-08-25 23:40

/usr/bin/uname -p = unknown
/bin/uname -X     = unknown

/bin/arch              = unknown
/usr/bin/arch -k       = unknown
/usr/convex/getsysinfo = unknown
hostinfo               = unknown
/bin/machine           = unknown
/usr/bin/oslevel       = unknown
/bin/universe          = unknown

PATH: .
PATH: /usr/local/bin
PATH: /mingw/bin
PATH: /bin
PATH: /c/Program Files/NVIDIA Corporation/PhysX/Common
PATH: /c/ProgramData/Oracle/Java/javapath
PATH: /c/Program Files/Intel/iCLS Client/
PATH: /c/Windows/system32
PATH: /c/Windows
PATH: /c/Windows/System32/Wbem
PATH: /c/bat
PATH: /c/ut
PATH: /c/comp
PATH: /c/mus
PATH: /c/gfx
PATH: /c/Windows/System32/WindowsPowerShell/v1.0/
PATH: /c/Program Files/Intel/Intel(R) Management Engine Components/DAL
PATH: /c/Program Files/Intel/Intel(R) Management Engine Components/IPT


## ----------- ##
## Core tests. ##
## ----------- ##

configure:1209: loading site script /usr/etc/config.site
| lt_cv_cc_dll_switch=${lt_cv_cc_dll_switch=-mdll}
| lt_cv_compiler_c_o=${lt_cv_compiler_c_o=yes}
| lt_cv_compiler_o_lo=${lt_cv_compiler_o_lo=yes}
| lt_cv_deplibs_check_method=${lt_cv_deplibs_check_method='file_magic file format pei*-i386(.*architecture: i386)?'}
| lt_cv_file_magic_cmd=${lt_cv_file_magic_cmd='$OBJDUMP -f'}
| lt_cv_file_magic_test_file=${lt_cv_file_magic_test_file=}
| test "${lt_cv_global_symbol_to_c_name_address+set}" = set || lt_cv_global_symbol_to_c_name_address='sed -n -e '\''s/^: \([^ ]*\) $/  {\"\1\", (lt_ptr) 0},/p'\'' -e '\''s/^[BCDEGRST] \([^ ]*\) \([^ ]*\)$/  {"\2", (lt_ptr) \&\2},/p'\'''
| lt_cv_global_symbol_to_cdecl=${lt_cv_global_symbol_to_cdecl='sed -n -e '\''s/^. .* \(.*\)$/extern char \1;/p'\'''}
| lt_cv_ld_reload_flag=${lt_cv_ld_reload_flag=-r}
| lt_cv_need_dllmain=${lt_cv_need_dllmain=no}
| lt_cv_prog_cc_can_build_shared=${lt_cv_prog_cc_can_build_shared=yes}
| lt_cv_prog_cc_no_builtin=${lt_cv_prog_cc_no_builtin=}
| lt_cv_prog_cc_pic=${lt_cv_prog_cc_pic='   -DDLL_EXPORT'}
| lt_cv_prog_cc_pic_works=${lt_cv_prog_cc_pic_works=yes}
| lt_cv_prog_cc_shlib=${lt_cv_prog_cc_shlib=}
| lt_cv_prog_cc_static=${lt_cv_prog_cc_static=-static}
| lt_cv_prog_cc_static_works=${lt_cv_prog_cc_static_works=yes}
| lt_cv_prog_cc_wl=${lt_cv_prog_cc_wl=-Wl,}
| lt_cv_prog_gnu_ld=${lt_cv_prog_gnu_ld=yes}
| lt_cv_sys_global_symbol_pipe=${lt_cv_sys_global_symbol_pipe=}
| lt_cv_sys_path_separator=${lt_cv_sys_path_separator=:}
configure:1341: checking build system type
configure:1359: result: i686-pc-mingw32
configure:1367: checking host system type
configure:1381: result: i686-pc-mingw32
configure:1389: checking target system type
configure:1403: result: i686-pc-mingw32
configure:1471: checking for g++
configure:1487: found /mingw/bin/g++
configure:1497: result: g++
configure:1513: checking for C++ compiler version
configure:1516: g++ --version </dev/null >&5
g++.exe (GCC) 3.4.5 (mingw special)
Copyright (C) 2004 Free Software Foundation, Inc.
This is free software; see the source for copying conditions.  There is NO
warranty; not even for MERCHANTABILITY or FITNESS FOR A PARTICULAR PURPOSE.

configure:1519: $? = 0
configure:1521: g++ -v </dev/null >&5
Reading specs from c:/mingw/bin/../lib/gcc/mingw32/3.4.5/specs
Configured with: ../gcc-3.4.5/configure --with-gcc --with-gnu-ld --with-gnu-as --host=mingw32 --target=mingw32 --prefix=/mingw --enable-threads --disable-nls --enable-languages=c,c++,f77,ada,objc,java --disable-win32-registry --disable-shared --enable-sjlj-exceptions --enable-libgcj --disable-java-awt --without-x --enable-java-gc=boehm --disable-libgcj-debug --enable-interpreter --enable-hash-synchronization --enable-libstdcxx-debug
Thread model: win32
gcc version 3.4.5 (mingw special)
configure:1524: $? = 0
configure:1526: g++ -V </dev/null >&5
g++.exe: `-V' option must have argument
configure:1529: $? = 1
configure:1552: checking for C++ compiler default output file name
configure:1555: g++    conftest.cc  >&5
configure:1558: $? = 0
configure:1604: result: a.exe
configure:1609: checking whether the C++ compiler works
configure:1615: ./a.exe
configure:1618: $? = 0
configure:1635: result: yes
configure:1642: checking whether we are cross compiling
configure:1644: result: no
configure:1647: checking for suffix of executables
configure:1649: g++ -o conftest.exe    conftest.cc  >&5
configure:1652: $? = 0
configure:1677: result: .exe
configure:1683: checking for suffix of object files
configure:1704: g++ -c   conftest.cc >&5
configure:1707: $? = 0
configure:1729: result: o
configure:1733: checking whether we are using the GNU C++ compiler
configure:1757: g++ -c   conftest.cc >&5
configure:1763: $? = 0
configure:1767: test -z 
			 || test ! -s conftest.err
configure:1770: $? = 0
configure:1773: test -s conftest.o
configure:1776: $? = 0
configure:1789: result: yes
configure:1795: checking whether g++ accepts -g
configure:1816: g++ -c -g  conftest.cc >&5
configure:1822: $? = 0
configure:1826: test -z 
			 || test ! -s conftest.err
configure:1829: $? = 0
configure:1832: test -s conftest.o
configure:1835: $? = 0
configure:1846: result: yes
configure:1888: g++ -c -g -O2  conftest.cc >&5
configure:1894: $? = 0
configure:1898: test -z 
			 || test ! -s conftest.err
configure:1901: $? = 0
configure:1904: test -s conftest.o
configure:1907: $? = 0
configure:1933: g++ -c -g -O2  conftest.cc >&5
conftest.cc: In function `int main()':
conftest.cc:13: error: `exit' was not declared in this scope
configure:1939: $? = 1
configure: failed program was:
| /* confdefs.h.  */
| 
| #define PACKAGE_NAME ""
| #define PACKAGE_TARNAME ""
| #define PACKAGE_VERSION ""
| #define PACKAGE_STRING ""
| #define PACKAGE_BUGREPORT ""
| /* end confdefs.h.  */
| 
| int
| main ()
| {
| exit (42);
|   ;
|   return 0;
| }
configure:1888: g++ -c -g -O2  conftest.cc >&5
configure:1894: $? = 0
configure:1898: test -z 
			 || test ! -s conftest.err
configure:1901: $? = 0
configure:1904: test -s conftest.o
configure:1907: $? = 0
configure:1933: g++ -c -g -O2  conftest.cc >&5
configure:1939: $? = 0
configure:1943: test -z 
			 || test ! -s conftest.err
configure:1946: $? = 0
configure:1949: test -s conftest.o
configure:1952: $? = 0
configure:2021: checking for gcc
configure:2037: found /mingw/bin/gcc
configure:2047: result: gcc
configure:2291: checking for C compiler version
configure:2294: gcc --version </dev/null >&5
gcc.exe (GCC) 3.4.5 (mingw special)
Copyright (C) 2004 Free Software Foundation, Inc.
This is free software; see the source for copying conditions.  There is NO
warranty; not even for MERCHANTABILITY or FITNESS FOR A PARTICULAR PURPOSE.

configure:2297: $? = 0
configure:2299: gcc -v </dev/null >&5
Reading specs from c:/mingw/bin/../lib/gcc/mingw32/3.4.5/specs
Configured with: ../gcc-3.4.5/configure --with-gcc --with-gnu-ld --with-gnu-as --host=mingw32 --target=mingw32 --prefix=/mingw --enable-threads --disable-nls --enable-languages=c,c++,f77,ada,objc,java --disable-win32-registry --disable-shared --enable-sjlj-exceptions --enable-libgcj --disable-java-awt --without-x --enable-java-gc=boehm --disable-libgcj-debug --enable-interpreter --enable-hash-synchronization --enable-libstdcxx-debug
Thread model: win32
gcc version 3.4.5 (mingw special)
configure:2302: $? = 0
configure:2304: gcc -V </dev/null >&5
gcc.exe: `-V' option must have argument
configure:2307: $? = 1
configure:2310: checking whether we are using the GNU C compiler
configure:2334: gcc -c   conftest.c >&5
configure:2340: $? = 0
configure:2344: test -z 
			 || test ! -s conftest.err
configure:2347: $? = 0
configure:2350: test -s conftest.o
configure:2353: $? = 0
configure:2366: result: yes
configure:2372: checking whether gcc accepts -g
configure:2393: gcc -c -g  conftest.c >&5
configure:2399: $? = 0
configure:2403: test -z 
			 || test ! -s conftest.err
configure:2406: $? = 0
configure:2409: test -s conftest.o
configure:2412: $? = 0
configure:2423: result: yes
configure:2440: checking for gcc option to accept ANSI C
configure:2510: gcc  -c -g -O2  conftest.c >&5
configure:2516: $? = 0
configure:2520: test -z 
			 || test ! -s conftest.err
configure:2523: $? = 0
configure:2526: test -s conftest.o
configure:2529: $? = 0
configure:2547: result: none needed
configure:2565: gcc -c -g -O2  conftest.c >&5
conftest.c:2: error: syntax error before "me"
configure:2571: $? = 1
configure: failed program was:
| #ifndef __cplusplus
|   choke me
| #endif
configure:2709: checking how to run the C preprocessor
configure:2744: gcc -E  conftest.c
configure:2750: $? = 0
configure:2782: gcc -E  conftest.c
conftest.c:12:28: ac_nonexistent.h: No such file or directory
configure:2788: $? = 1
configure: failed program was:
| /* confdefs.h.  */
| 
| #define PACKAGE_NAME ""
| #define PACKAGE_TARNAME ""
| #define PACKAGE_VERSION ""
| #define PACKAGE_STRING ""
| #define PACKAGE_BUGREPORT ""
| #ifdef __cplusplus
| extern "C" void std::exit (int) throw (); using std::exit;
| #endif
| /* end confdefs.h.  */
| #include <ac_nonexistent.h>
configure:2827: result: gcc -E
configure:2851: gcc -E  conftest.c
configure:2857: $? = 0
configure:2889: gcc -E  conftest.c
conftest.c:12:28: ac_nonexistent.h: No such file or directory
configure:2895: $? = 1
configure: failed program was:
| /* confdefs.h.  */
| 
| #define PACKAGE_NAME ""
| #define PACKAGE_TARNAME ""
| #define PACKAGE_VERSION ""
| #define PACKAGE_STRING ""
| #define PACKAGE_BUGREPORT ""
| #ifdef __cplusplus
| extern "C" void std::exit (int) throw (); using std::exit;
| #endif
| /* end confdefs.h.  */
| #include <ac_nonexistent.h>
configure:2945: checking os type
configure:3000: checking whether byte ordering is bigendian
configure:3027: g++ -c -g -O2  conftest.cc >&5
configure:3033: $? = 0
configure:3037: test -z 
			 || test ! -s conftest.err
configure:3040: $? = 0
configure:3043: test -s conftest.o
configure:3046: $? = 0
configure:3070: g++ -c -g -O2  conftest.cc >&5
conftest.cc: In function `int main()':
conftest.cc:19: error: `big' was not declared in this scope
conftest.cc:19: error: expected `;' before "endian"
configure:3076: $? = 1
configure: failed program was:
| /* confdefs.h.  */
| 
| #define PACKAGE_NAME ""
| #define PACKAGE_TARNAME ""
| #define PACKAGE_VERSION ""
| #define PACKAGE_STRING ""
| #define PACKAGE_BUGREPORT ""
| #ifdef __cplusplus
| extern "C" void std::exit (int) throw (); using std::exit;
| #endif
| /* end confdefs.h.  */
| #include <sys/types.h>
| #include <sys/param.h>
| 
| int
| main ()
| {
| #if BYTE_ORDER != BIG_ENDIAN
|  not big endian
| #endif
| 
|   ;
|   return 0;
| }
configure:3211: result: no
configure:3235: checking how to run the C++ preprocessor
configure:3266: g++ -E  conftest.cc
configure:3272: $? = 0
configure:3304: g++ -E  conftest.cc
conftest.cc:12:28: ac_nonexistent.h: No such file or directory
configure:3310: $? = 1
configure: failed program was:
| /* confdefs.h.  */
| 
| #define PACKAGE_NAME ""
| #define PACKAGE_TARNAME ""
| #define PACKAGE_VERSION ""
| #define PACKAGE_STRING ""
| #define PACKAGE_BUGREPORT ""
| #ifdef __cplusplus
| extern "C" void std::exit (int) throw (); using std::exit;
| #endif
| /* end confdefs.h.  */
| #include <ac_nonexistent.h>
configure:3349: result: g++ -E
configure:3373: g++ -E  conftest.cc
configure:3379: $? = 0
configure:3411: g++ -E  conftest.cc
conftest.cc:12:28: ac_nonexistent.h: No such file or directory
configure:3417: $? = 1
configure: failed program was:
| /* confdefs.h.  */
| 
| #define PACKAGE_NAME ""
| #define PACKAGE_TARNAME ""
| #define PACKAGE_VERSION ""
| #define PACKAGE_STRING ""
| #define PACKAGE_BUGREPORT ""
| #ifdef __cplusplus
| extern "C" void std::exit (int) throw (); using std::exit;
| #endif
| /* end confdefs.h.  */
| #include <ac_nonexistent.h>
configure:3461: checking for egrep
configure:3471: result: grep -E
configure:3476: checking for ANSI C header files
configure:3501: g++ -c -g -O2  conftest.cc >&5
configure:3507: $? = 0
configure:3511: test -z 
			 || test ! -s conftest.err
configure:3514: $? = 0
configure:3517: test -s conftest.o
configure:3520: $? = 0
configure:3609: g++ -o conftest.exe -g -O2   conftest.cc  >&5
configure:3612: $? = 0
configure:3614: ./conftest.exe
configure:3617: $? = 0
configure:3632: result: yes
configure:3656: checking for sys/types.h
configure:3672: g++ -c -g -O2  conftest.cc >&5
configure:3678: $? = 0
configure:3682: test -z 
			 || test ! -s conftest.err
configure:3685: $? = 0
configure:3688: test -s conftest.o
configure:3691: $? = 0
configure:3702: result: yes
configure:3656: checking for sys/stat.h
configure:3672: g++ -c -g -O2  conftest.cc >&5
configure:3678: $? = 0
configure:3682: test -z 
			 || test ! -s conftest.err
configure:3685: $? = 0
configure:3688: test -s conftest.o
configure:3691: $? = 0
configure:3702: result: yes
configure:3656: checking for stdlib.h
configure:3672: g++ -c -g -O2  conftest.cc >&5
configure:3678: $? = 0
configure:3682: test -z 
			 || test ! -s conftest.err
configure:3685: $? = 0
configure:3688: test -s conftest.o
configure:3691: $? = 0
configure:3702: result: yes
configure:3656: checking for string.h
configure:3672: g++ -c -g -O2  conftest.cc >&5
configure:3678: $? = 0
configure:3682: test -z 
			 || test ! -s conftest.err
configure:3685: $? = 0
configure:3688: test -s conftest.o
configure:3691: $? = 0
configure:3702: result: yes
configure:3656: checking for memory.h
configure:3672: g++ -c -g -O2  conftest.cc >&5
configure:3678: $? = 0
configure:3682: test -z 
			 || test ! -s conftest.err
configure:3685: $? = 0
configure:3688: test -s conftest.o
configure:3691: $? = 0
configure:3702: result: yes
configure:3656: checking for strings.h
configure:3672: g++ -c -g -O2  conftest.cc >&5
configure:3678: $? = 0
configure:3682: test -z 
			 || test ! -s conftest.err
configure:3685: $? = 0
configure:3688: test -s conftest.o
configure:3691: $? = 0
configure:3702: result: yes
configure:3656: checking for inttypes.h
configure:3672: g++ -c -g -O2  conftest.cc >&5
configure:3678: $? = 0
configure:3682: test -z 
			 || test ! -s conftest.err
configure:3685: $? = 0
configure:3688: test -s conftest.o
configure:3691: $? = 0
configure:3702: result: yes
configure:3656: checking for stdint.h
configure:3672: g++ -c -g -O2  conftest.cc >&5
configure:3678: $? = 0
configure:3682: test -z 
			 || test ! -s conftest.err
configure:3685: $? = 0
configure:3688: test -s conftest.o
configure:3691: $? = 0
configure:3702: result: yes
configure:3656: checking for unistd.h
configure:3672: g++ -c -g -O2  conftest.cc >&5
configure:3678: $? = 0
configure:3682: test -z 
			 || test ! -s conftest.err
configure:3685: $? = 0
configure:3688: test -s conftest.o
configure:3691: $? = 0
configure:3702: result: yes
configure:3714: checking for long int
configure:3738: g++ -c -g -O2  conftest.cc >&5
configure:3744: $? = 0
configure:3748: test -z 
			 || test ! -s conftest.err
configure:3751: $? = 0
configure:3754: test -s conftest.o
configure:3757: $? = 0
configure:3768: result: yes
configure:3771: checking size of long int
configure:4090: g++ -o conftest.exe -g -O2   conftest.cc  >&5
configure:4093: $? = 0
configure:4095: ./conftest.exe
configure:4098: $? = 0
configure:4121: result: 4
configure:4129: checking for bool
configure:4151: g++ -c -g -O2  conftest.cc >&5
configure:4157: $? = 0
configure:4161: test -z 
			 || test ! -s conftest.err
configure:4164: $? = 0
configure:4167: test -s conftest.o
configure:4170: $? = 0
configure:4184: result: yes
configure:4193: checking for long file names
configure:4232: result: yes
configure:4242: checking for ANSI C header files
configure:4398: result: yes
configure:4416: checking for dirent.h that defines DIR
configure:4440: g++ -c -g -O2  conftest.cc >&5
configure:4446: $? = 0
configure:4450: test -z 
			 || test ! -s conftest.err
configure:4453: $? = 0
configure:4456: test -s conftest.o
configure:4459: $? = 0
configure:4470: result: yes
configure:4483: checking for library containing opendir
configure:4513: g++ -o conftest.exe -g -O2   conftest.cc  >&5
configure:4519: $? = 0
configure:4523: test -z 
			 || test ! -s conftest.err
configure:4526: $? = 0
configure:4529: test -s conftest.exe
configure:4532: $? = 0
configure:4602: result: none required
configure:4749: checking for strcasecmp
configure:4806: g++ -o conftest.exe -g -O2   conftest.cc  >&5
configure:4812: $? = 0
configure:4816: test -z 
			 || test ! -s conftest.err
configure:4819: $? = 0
configure:4822: test -s conftest.exe
configure:4825: $? = 0
configure:4837: result: yes
configure:4749: checking for stricmp
configure:4806: g++ -o conftest.exe -g -O2   conftest.cc  >&5
configure:4812: $? = 0
configure:4816: test -z 
			 || test ! -s conftest.err
configure:4819: $? = 0
configure:4822: test -s conftest.exe
configure:4825: $? = 0
configure:4837: result: yes
configure:4749: checking for strncasecmp
configure:4806: g++ -o conftest.exe -g -O2   conftest.cc  >&5
configure:4812: $? = 0
configure:4816: test -z 
			 || test ! -s conftest.err
configure:4819: $? = 0
configure:4822: test -s conftest.exe
configure:4825: $? = 0
configure:4837: result: yes
configure:4749: checking for strnicmp
configure:4806: g++ -o conftest.exe -g -O2   conftest.cc  >&5
configure:4812: $? = 0
configure:4816: test -z 
			 || test ! -s conftest.err
configure:4819: $? = 0
configure:4822: test -s conftest.exe
configure:4825: $? = 0
configure:4837: result: yes
configure:4749: checking for mkdir
configure:4806: g++ -o conftest.exe -g -O2   conftest.cc  >&5
configure:4812: $? = 0
configure:4816: test -z 
			 || test ! -s conftest.err
configure:4819: $? = 0
configure:4822: test -s conftest.exe
configure:4825: $? = 0
configure:4837: result: yes
configure:4749: checking for rmdir
configure:4806: g++ -o conftest.exe -g -O2   conftest.cc  >&5
configure:4812: $? = 0
configure:4816: test -z 
			 || test ! -s conftest.err
configure:4819: $? = 0
configure:4822: test -s conftest.exe
configure:4825: $? = 0
configure:4837: result: yes
configure:4749: checking for strstr
configure:4806: g++ -o conftest.exe -g -O2   conftest.cc  >&5
configure:4812: $? = 0
configure:4816: test -z 
			 || test ! -s conftest.err
configure:4819: $? = 0
configure:4822: test -s conftest.exe
configure:4825: $? = 0
configure:4837: result: yes
configure:4749: checking for strtoul
configure:4806: g++ -o conftest.exe -g -O2   conftest.cc  >&5
configure:4812: $? = 0
configure:4816: test -z 
			 || test ! -s conftest.err
configure:4819: $? = 0
configure:4822: test -s conftest.exe
configure:4825: $? = 0
configure:4837: result: yes
configure:4866: checking dirent.h usability
configure:4878: g++ -c -g -O2  conftest.cc >&5
configure:4884: $? = 0
configure:4888: test -z 
			 || test ! -s conftest.err
configure:4891: $? = 0
configure:4894: test -s conftest.o
configure:4897: $? = 0
configure:4907: result: yes
configure:4911: checking dirent.h presence
configure:4921: g++ -E  conftest.cc
configure:4927: $? = 0
configure:4947: result: yes
configure:4982: checking for dirent.h
configure:4989: result: yes
configure:4866: checking fcntl.h usability
configure:4878: g++ -c -g -O2  conftest.cc >&5
configure:4884: $? = 0
configure:4888: test -z 
			 || test ! -s conftest.err
configure:4891: $? = 0
configure:4894: test -s conftest.o
configure:4897: $? = 0
configure:4907: result: yes
configure:4911: checking fcntl.h presence
configure:4921: g++ -E  conftest.cc
configure:4927: $? = 0
configure:4947: result: yes
configure:4982: checking for fcntl.h
configure:4989: result: yes
configure:4866: checking limits.h usability
configure:4878: g++ -c -g -O2  conftest.cc >&5
configure:4884: $? = 0
configure:4888: test -z 
			 || test ! -s conftest.err
configure:4891: $? = 0
configure:4894: test -s conftest.o
configure:4897: $? = 0
configure:4907: result: yes
configure:4911: checking limits.h presence
configure:4921: g++ -E  conftest.cc
configure:4927: $? = 0
configure:4947: result: yes
configure:4982: checking for limits.h
configure:4989: result: yes
configure:4857: checking for sys/stat.h
configure:4862: result: yes
configure:4857: checking for sys/types.h
configure:4862: result: yes
configure:4857: checking for unistd.h
configure:4862: result: yes
configure:5022: checking strstream.h usability
configure:5034: g++ -c -g -O2  conftest.cc >&5
conftest.cc:75:23: strstream.h: No such file or directory
configure:5040: $? = 1
configure: failed program was:
| /* confdefs.h.  */
| 
| #define PACKAGE_NAME ""
| #define PACKAGE_TARNAME ""
| #define PACKAGE_VERSION ""
| #define PACKAGE_STRING ""
| #define PACKAGE_BUGREPORT ""
| #ifdef __cplusplus
| extern "C" void std::exit (int) throw (); using std::exit;
| #endif
| #define STDC_HEADERS 1
| #define HAVE_SYS_TYPES_H 1
| #define HAVE_SYS_STAT_H 1
| #define HAVE_STDLIB_H 1
| #define HAVE_STRING_H 1
| #define HAVE_MEMORY_H 1
| #define HAVE_STRINGS_H 1
| #define HAVE_INTTYPES_H 1
| #define HAVE_STDINT_H 1
| #define HAVE_UNISTD_H 1
| #define SIZEOF_LONG_INT 4
| #define HAVE_BOOL 1
| #define HAVE_LONG_FILE_NAMES 1
| #define STDC_HEADERS 1
| #define HAVE_DIRENT_H 1
| #define HAVE_STRCASECMP 1
| #define HAVE_STRICMP 1
| #define HAVE_STRNCASECMP 1
| #define HAVE_STRNICMP 1
| #define HAVE_MKDIR 1
| #define HAVE_RMDIR 1
| #define HAVE_STRSTR 1
| #define HAVE_STRTOUL 1
| #define HAVE_DIRENT_H 1
| #define HAVE_FCNTL_H 1
| #define HAVE_LIMITS_H 1
| #define HAVE_SYS_STAT_H 1
| #define HAVE_SYS_TYPES_H 1
| #define HAVE_UNISTD_H 1
| /* end confdefs.h.  */
| #include <stdio.h>
| #if HAVE_SYS_TYPES_H
| # include <sys/types.h>
| #endif
| #if HAVE_SYS_STAT_H
| # include <sys/stat.h>
| #endif
| #if STDC_HEADERS
| # include <stdlib.h>
| # include <stddef.h>
| #else
| # if HAVE_STDLIB_H
| #  include <stdlib.h>
| # endif
| #endif
| #if HAVE_STRING_H
| # if !STDC_HEADERS && HAVE_MEMORY_H
| #  include <memory.h>
| # endif
| # include <string.h>
| #endif
| #if HAVE_STRINGS_H
| # include <strings.h>
| #endif
| #if HAVE_INTTYPES_H
| # include <inttypes.h>
| #else
| # if HAVE_STDINT_H
| #  include <stdint.h>
| # endif
| #endif
| #if HAVE_UNISTD_H
| # include <unistd.h>
| #endif
| #include <strstream.h>
configure:5063: result: no
configure:5067: checking strstream.h presence
configure:5077: g++ -E  conftest.cc
conftest.cc:41:23: strstream.h: No such file or directory
configure:5083: $? = 1
configure: failed program was:
| /* confdefs.h.  */
| 
| #define PACKAGE_NAME ""
| #define PACKAGE_TARNAME ""
| #define PACKAGE_VERSION ""
| #define PACKAGE_STRING ""
| #define PACKAGE_BUGREPORT ""
| #ifdef __cplusplus
| extern "C" void std::exit (int) throw (); using std::exit;
| #endif
| #define STDC_HEADERS 1
| #define HAVE_SYS_TYPES_H 1
| #define HAVE_SYS_STAT_H 1
| #define HAVE_STDLIB_H 1
| #define HAVE_STRING_H 1
| #define HAVE_MEMORY_H 1
| #define HAVE_STRINGS_H 1
| #define HAVE_INTTYPES_H 1
| #define HAVE_STDINT_H 1
| #define HAVE_UNISTD_H 1
| #define SIZEOF_LONG_INT 4
| #define HAVE_BOOL 1
| #define HAVE_LONG_FILE_NAMES 1
| #define STDC_HEADERS 1
| #define HAVE_DIRENT_H 1
| #define HAVE_STRCASECMP 1
| #define HAVE_STRICMP 1
| #define HAVE_STRNCASECMP 1
| #define HAVE_STRNICMP 1
| #define HAVE_MKDIR 1
| #define HAVE_RMDIR 1
| #define HAVE_STRSTR 1
| #define HAVE_STRTOUL 1
| #define HAVE_DIRENT_H 1
| #define HAVE_FCNTL_H 1
| #define HAVE_LIMITS_H 1
| #define HAVE_SYS_STAT_H 1
| #define HAVE_SYS_TYPES_H 1
| #define HAVE_UNISTD_H 1
| /* end confdefs.h.  */
| #include <strstream.h>
configure:5103: result: no
configure:5138: checking for strstream.h
configure:5145: result: no
configure:5022: checking strstrea.h usability
configure:5034: g++ -c -g -O2  conftest.cc >&5
conftest.cc:75:22: strstrea.h: No such file or directory
configure:5040: $? = 1
configure: failed program was:
| /* confdefs.h.  */
| 
| #define PACKAGE_NAME ""
| #define PACKAGE_TARNAME ""
| #define PACKAGE_VERSION ""
| #define PACKAGE_STRING ""
| #define PACKAGE_BUGREPORT ""
| #ifdef __cplusplus
| extern "C" void std::exit (int) throw (); using std::exit;
| #endif
| #define STDC_HEADERS 1
| #define HAVE_SYS_TYPES_H 1
| #define HAVE_SYS_STAT_H 1
| #define HAVE_STDLIB_H 1
| #define HAVE_STRING_H 1
| #define HAVE_MEMORY_H 1
| #define HAVE_STRINGS_H 1
| #define HAVE_INTTYPES_H 1
| #define HAVE_STDINT_H 1
| #define HAVE_UNISTD_H 1
| #define SIZEOF_LONG_INT 4
| #define HAVE_BOOL 1
| #define HAVE_LONG_FILE_NAMES 1
| #define STDC_HEADERS 1
| #define HAVE_DIRENT_H 1
| #define HAVE_STRCASECMP 1
| #define HAVE_STRICMP 1
| #define HAVE_STRNCASECMP 1
| #define HAVE_STRNICMP 1
| #define HAVE_MKDIR 1
| #define HAVE_RMDIR 1
| #define HAVE_STRSTR 1
| #define HAVE_STRTOUL 1
| #define HAVE_DIRENT_H 1
| #define HAVE_FCNTL_H 1
| #define HAVE_LIMITS_H 1
| #define HAVE_SYS_STAT_H 1
| #define HAVE_SYS_TYPES_H 1
| #define HAVE_UNISTD_H 1
| /* end confdefs.h.  */
| #include <stdio.h>
| #if HAVE_SYS_TYPES_H
| # include <sys/types.h>
| #endif
| #if HAVE_SYS_STAT_H
| # include <sys/stat.h>
| #endif
| #if STDC_HEADERS
| # include <stdlib.h>
| # include <stddef.h>
| #else
| # if HAVE_STDLIB_H
| #  include <stdlib.h>
| # endif
| #endif
| #if HAVE_STRING_H
| # if !STDC_HEADERS && HAVE_MEMORY_H
| #  include <memory.h>
| # endif
| # include <string.h>
| #endif
| #if HAVE_STRINGS_H
| # include <strings.h>
| #endif
| #if HAVE_INTTYPES_H
| # include <inttypes.h>
| #else
| # if HAVE_STDINT_H
| #  include <stdint.h>
| # endif
| #endif
| #if HAVE_UNISTD_H
| # include <unistd.h>
| #endif
| #include <strstrea.h>
configure:5063: result: no
configure:5067: checking strstrea.h presence
configure:5077: g++ -E  conftest.cc
conftest.cc:41:22: strstrea.h: No such file or directory
configure:5083: $? = 1
configure: failed program was:
| /* confdefs.h.  */
| 
| #define PACKAGE_NAME ""
| #define PACKAGE_TARNAME ""
| #define PACKAGE_VERSION ""
| #define PACKAGE_STRING ""
| #define PACKAGE_BUGREPORT ""
| #ifdef __cplusplus
| extern "C" void std::exit (int) throw (); using std::exit;
| #endif
| #define STDC_HEADERS 1
| #define HAVE_SYS_TYPES_H 1
| #define HAVE_SYS_STAT_H 1
| #define HAVE_STDLIB_H 1
| #define HAVE_STRING_H 1
| #define HAVE_MEMORY_H 1
| #define HAVE_STRINGS_H 1
| #define HAVE_INTTYPES_H 1
| #define HAVE_STDINT_H 1
| #define HAVE_UNISTD_H 1
| #define SIZEOF_LONG_INT 4
| #define HAVE_BOOL 1
| #define HAVE_LONG_FILE_NAMES 1
| #define STDC_HEADERS 1
| #define HAVE_DIRENT_H 1
| #define HAVE_STRCASECMP 1
| #define HAVE_STRICMP 1
| #define HAVE_STRNCASECMP 1
| #define HAVE_STRNICMP 1
| #define HAVE_MKDIR 1
| #define HAVE_RMDIR 1
| #define HAVE_STRSTR 1
| #define HAVE_STRTOUL 1
| #define HAVE_DIRENT_H 1
| #define HAVE_FCNTL_H 1
| #define HAVE_LIMITS_H 1
| #define HAVE_SYS_STAT_H 1
| #define HAVE_SYS_TYPES_H 1
| #define HAVE_UNISTD_H 1
| /* end confdefs.h.  */
| #include <strstrea.h>
configure:5103: result: no
configure:5138: checking for strstrea.h
configure:5145: result: no
configure:5022: checking fstream usability
configure:5034: g++ -c -g -O2  conftest.cc >&5
configure:5040: $? = 0
configure:5044: test -z 
			 || test ! -s conftest.err
configure:5047: $? = 0
configure:5050: test -s conftest.o
configure:5053: $? = 0
configure:5063: result: yes
configure:5067: checking fstream presence
configure:5077: g++ -E  conftest.cc
configure:5083: $? = 0
configure:5103: result: yes
configure:5138: checking for fstream
configure:5145: result: yes
configure:5022: checking iostream usability
configure:5034: g++ -c -g -O2  conftest.cc >&5
configure:5040: $? = 0
configure:5044: test -z 
			 || test ! -s conftest.err
configure:5047: $? = 0
configure:5050: test -s conftest.o
configure:5053: $? = 0
configure:5063: result: yes
configure:5067: checking iostream presence
configure:5077: g++ -E  conftest.cc
configure:5083: $? = 0
configure:5103: result: yes
configure:5138: checking for iostream
configure:5145: result: yes
configure:5022: checking iomanip usability
configure:5034: g++ -c -g -O2  conftest.cc >&5
configure:5040: $? = 0
configure:5044: test -z 
			 || test ! -s conftest.err
configure:5047: $? = 0
configure:5050: test -s conftest.o
configure:5053: $? = 0
configure:5063: result: yes
configure:5067: checking iomanip presence
configure:5077: g++ -E  conftest.cc
configure:5083: $? = 0
configure:5103: result: yes
configure:5138: checking for iomanip
configure:5145: result: yes
configure:5022: checking strstream usability
configure:5034: g++ -c -g -O2  conftest.cc >&5
In file included from c:/mingw/bin/../lib/gcc/mingw32/3.4.5/../../../../include/c++/3.4.5/backward/strstream:51,
                 from conftest.cc:78:
c:/mingw/bin/../lib/gcc/mingw32/3.4.5/../../../../include/c++/3.4.5/backward/backward_warning.h:32:2: warning: #warning This file includes at least one deprecated or antiquated header. Please consider using one of the 32 headers found in section 17.4.1.2 of the C++ standard. Examples include substituting the <X> header for the <X.h> header for C++ includes, or <iostream> instead of the deprecated header <iostream.h>. To disable this warning use -Wno-deprecated.
configure:5040: $? = 0
configure:5044: test -z 
			 || test ! -s conftest.err
configure:5047: $? = 0
configure:5050: test -s conftest.o
configure:5053: $? = 0
configure:5063: result: yes
configure:5067: checking strstream presence
configure:5077: g++ -E  conftest.cc
In file included from c:/mingw/bin/../lib/gcc/mingw32/3.4.5/../../../../include/c++/3.4.5/backward/strstream:51,
                 from conftest.cc:44:
c:/mingw/bin/../lib/gcc/mingw32/3.4.5/../../../../include/c++/3.4.5/backward/backward_warning.h:32:2: warning: #warning This file includes at least one deprecated or antiquated header. Please consider using one of the 32 headers found in section 17.4.1.2 of the C++ standard. Examples include substituting the <X> header for the <X.h> header for C++ includes, or <iostream> instead of the deprecated header <iostream.h>. To disable this warning use -Wno-deprecated.
configure:5083: $? = 0
configure:5103: result: yes
configure:5138: checking for strstream
configure:5145: result: yes
configure:5022: checking sstream usability
configure:5034: g++ -c -g -O2  conftest.cc >&5
configure:5040: $? = 0
configure:5044: test -z 
			 || test ! -s conftest.err
configure:5047: $? = 0
configure:5050: test -s conftest.o
configure:5053: $? = 0
configure:5063: result: yes
configure:5067: checking sstream presence
configure:5077: g++ -E  conftest.cc
configure:5083: $? = 0
configure:5103: result: yes
configure:5138: checking for sstream
configure:5145: result: yes
configure:5159: checking whether standard member ios::binary is available
configure:5181: g++ -c -g -O2  conftest.cc >&5
In file included from c:/mingw/bin/../lib/gcc/mingw32/3.4.5/../../../../include/c++/3.4.5/backward/fstream.h:31,
                 from conftest.cc:46:
c:/mingw/bin/../lib/gcc/mingw32/3.4.5/../../../../include/c++/3.4.5/backward/backward_warning.h:32:2: warning: #warning This file includes at least one deprecated or antiquated header. Please consider using one of the 32 headers found in section 17.4.1.2 of the C++ standard. Examples include substituting the <X> header for the <X.h> header for C++ includes, or <iostream> instead of the deprecated header <iostream.h>. To disable this warning use -Wno-deprecated.
configure:5187: $? = 0
configure:5191: test -z 
			 || test ! -s conftest.err
configure:5194: $? = 0
configure:5197: test -s conftest.o
configure:5200: $? = 0
configure:5214: result: yes
configure:5225: checking for main in -liostream
configure:5249: g++ -o conftest.exe -g -O2   conftest.cc -liostream   >&5
c:\mingw\bin\..\lib\gcc\mingw32\3.4.5\..\..\..\..\mingw32\bin\ld.exe: cannot find -liostream
collect2: ld returned 1 exit status
configure:5255: $? = 1
configure: failed program was:
| /* confdefs.h.  */
| 
| #define PACKAGE_NAME ""
| #define PACKAGE_TARNAME ""
| #define PACKAGE_VERSION ""
| #define PACKAGE_STRING ""
| #define PACKAGE_BUGREPORT ""
| #ifdef __cplusplus
| extern "C" void std::exit (int) throw (); using std::exit;
| #endif
| #define STDC_HEADERS 1
| #define HAVE_SYS_TYPES_H 1
| #define HAVE_SYS_STAT_H 1
| #define HAVE_STDLIB_H 1
| #define HAVE_STRING_H 1
| #define HAVE_MEMORY_H 1
| #define HAVE_STRINGS_H 1
| #define HAVE_INTTYPES_H 1
| #define HAVE_STDINT_H 1
| #define HAVE_UNISTD_H 1
| #define SIZEOF_LONG_INT 4
| #define HAVE_BOOL 1
| #define HAVE_LONG_FILE_NAMES 1
| #define STDC_HEADERS 1
| #define HAVE_DIRENT_H 1
| #define HAVE_STRCASECMP 1
| #define HAVE_STRICMP 1
| #define HAVE_STRNCASECMP 1
| #define HAVE_STRNICMP 1
| #define HAVE_MKDIR 1
| #define HAVE_RMDIR 1
| #define HAVE_STRSTR 1
| #define HAVE_STRTOUL 1
| #define HAVE_DIRENT_H 1
| #define HAVE_FCNTL_H 1
| #define HAVE_LIMITS_H 1
| #define HAVE_SYS_STAT_H 1
| #define HAVE_SYS_TYPES_H 1
| #define HAVE_UNISTD_H 1
| #define HAVE_FSTREAM 1
| #define HAVE_IOSTREAM 1
| #define HAVE_IOMANIP 1
| #define HAVE_STRSTREAM 1
| #define HAVE_SSTREAM 1
| /* end confdefs.h.  */
| 
| 
| int
| main ()
| {
| main ();
|   ;
|   return 0;
| }
configure:5281: result: no
configure:5290: checking for gmake
configure:5317: result: make
configure:5327: checking for gnumake
configure:5354: result: make
configure:5367: checking for makedepend
configure:5383: found /bin/makedepend
configure:5394: result: makedepend
configure:5410: checking for cp
configure:5428: found /bin/cp
configure:5441: result: /bin/cp
configure:5450: checking for rm
configure:5468: found /bin/rm
configure:5481: result: /bin/rm
configure:5488: checking whether ln -s works
configure:5492: result: yes
configure:5512: checking for a BSD-compatible install
configure:5567: result: /bin/install -c
configure:5675: creating ./config.status

## ---------------------- ##
## Running config.status. ##
## ---------------------- ##

This file was extended by config.status, which was
generated by GNU Autoconf 2.59.  Invocation command line was

  CONFIG_FILES    = 
  CONFIG_HEADERS  = 
  CONFIG_LINKS    = 
  CONFIG_COMMANDS = 
  $ ./config.status 

on PC-IAN

config.status:673: creating src/Makefile
config.status:673: creating Makefile
config.status:777: creating src/include/config.h

## ---------------- ##
## Cache variables. ##
## ---------------- ##

ac_cv_build=i686-pc-mingw32
ac_cv_build_alias=i686-pc-mingw32
ac_cv_c_bigendian=no
ac_cv_c_compiler_gnu=yes
ac_cv_cxx_compiler_gnu=yes
ac_cv_env_CC_set=
ac_cv_env_CC_value=
ac_cv_env_CFLAGS_set=
ac_cv_env_CFLAGS_value=
ac_cv_env_CPPFLAGS_set=
ac_cv_env_CPPFLAGS_value=
ac_cv_env_CPP_set=
ac_cv_env_CPP_value=
ac_cv_env_CXXCPP_set=
ac_cv_env_CXXCPP_value=
ac_cv_env_CXXFLAGS_set=
ac_cv_env_CXXFLAGS_value=
ac_cv_env_CXX_set=
ac_cv_env_CXX_value=
ac_cv_env_LDFLAGS_set=
ac_cv_env_LDFLAGS_value=
ac_cv_env_build_alias_set=
ac_cv_env_build_alias_value=
ac_cv_env_host_alias_set=
ac_cv_env_host_alias_value=
ac_cv_env_target_alias_set=
ac_cv_env_target_alias_value=
ac_cv_exeext=.exe
ac_cv_func_mkdir=yes
ac_cv_func_rmdir=yes
ac_cv_func_strcasecmp=yes
ac_cv_func_stricmp=yes
ac_cv_func_strncasecmp=yes
ac_cv_func_strnicmp=yes
ac_cv_func_strstr=yes
ac_cv_func_strtoul=yes
ac_cv_header_dirent_dirent_h=yes
ac_cv_header_dirent_h=yes
ac_cv_header_fcntl_h=yes
ac_cv_header_fstream=yes
ac_cv_header_inttypes_h=yes
ac_cv_header_iomanip=yes
ac_cv_header_iostream=yes
ac_cv_header_limits_h=yes
ac_cv_header_memory_h=yes
ac_cv_header_sstream=yes
ac_cv_header_stdc=yes
ac_cv_header_stdint_h=yes
ac_cv_header_stdlib_h=yes
ac_cv_header_string_h=yes
ac_cv_header_strings_h=yes
ac_cv_header_strstrea_h=no
ac_cv_header_strstream=yes
ac_cv_header_strstream_h=no
ac_cv_header_sys_stat_h=yes
ac_cv_header_sys_types_h=yes
ac_cv_header_unistd_h=yes
ac_cv_host=i686-pc-mingw32
ac_cv_host_alias=i686-pc-mingw32
ac_cv_lib_iostream_main=no
ac_cv_objext=o
ac_cv_path_CP=/bin/cp
ac_cv_path_RM=/bin/rm
ac_cv_path_install='/bin/install -c'
ac_cv_prog_CPP='gcc -E'
ac_cv_prog_CXXCPP='g++ -E'
ac_cv_prog_MAKE=make
ac_cv_prog_MAKE2=make
ac_cv_prog_MAKEDEP=makedepend
ac_cv_prog_ac_ct_CC=gcc
ac_cv_prog_ac_ct_CXX=g++
ac_cv_prog_cc_g=yes
ac_cv_prog_cc_stdc=
ac_cv_prog_cxx_g=yes
ac_cv_prog_egrep='grep -E'
ac_cv_search_opendir='none required'
ac_cv_sizeof_long_int=4
ac_cv_sys_long_file_names=yes
ac_cv_target=i686-pc-mingw32
ac_cv_target_alias=i686-pc-mingw32
ac_cv_type_long_int=yes
lt_cv_cc_dll_switch=-mdll
lt_cv_compiler_c_o=yes
lt_cv_compiler_o_lo=yes
lt_cv_deplibs_check_method='file_magic file format pei*-i386(.*architecture: i386)?'
lt_cv_file_magic_cmd='$OBJDUMP -f'
lt_cv_file_magic_test_file=
lt_cv_global_symbol_to_c_name_address='sed -n -e '\''s/^: \([^ ]*\) $/  {\"\1\", (lt_ptr) 0},/p'\'' -e '\''s/^[BCDEGRST] \([^ ]*\) \([^ ]*\)$/  {"\2", (lt_ptr) \&\2},/p'\'''
lt_cv_global_symbol_to_cdecl='sed -n -e '\''s/^. .* \(.*\)$/extern char \1;/p'\'''
lt_cv_ld_reload_flag=-r
lt_cv_need_dllmain=no
lt_cv_prog_cc_can_build_shared=yes
lt_cv_prog_cc_no_builtin=
lt_cv_prog_cc_pic='   -DDLL_EXPORT'
lt_cv_prog_cc_pic_works=yes
lt_cv_prog_cc_shlib=
lt_cv_prog_cc_static=-static
lt_cv_prog_cc_static_works=yes
lt_cv_prog_cc_wl=-Wl,
lt_cv_prog_gnu_ld=yes
lt_cv_sys_global_symbol_pipe=
lt_cv_sys_path_separator=:
sid_cv_have_bool=yes
sid_cv_have_ios_binary=yes

## ----------------- ##
## Output variables. ##
## ----------------- ##

CC='gcc'
CFLAGS='-g -O2'
CP='/bin/cp'
CPP='gcc -E'
CPPFLAGS=''
CXX='g++'
CXXCPP='g++ -E'
CXXFLAGS='-g -O2'
DEFS='-DHAVE_CONFIG_H'
ECHO_C=''
ECHO_N='-n'
ECHO_T=''
EGREP='grep -E'
EXEEXT='.exe'
INSTALL_DATA='${INSTALL} -m 644'
INSTALL_PROGRAM='${INSTALL}'
INSTALL_SCRIPT='${INSTALL}'
LDFLAGS=''
LIBIOS=''
LIBOBJS=''
LIBS=''
LN_S='ln -s'
LTLIBOBJS=''
MAKE2='make'
MAKE='make'
MAKEDEP='makedepend'
OBJEXT='o'
PACKAGE_BUGREPORT=''
PACKAGE_NAME=''
PACKAGE_STRING=''
PACKAGE_TARNAME=''
PACKAGE_VERSION=''
PATH_SEPARATOR=':'
RM='/bin/rm'
SHELL='/bin/sh'
ac_ct_CC='gcc'
ac_ct_CXX='g++'
bindir='${exec_prefix}/bin'
build='i686-pc-mingw32'
build_alias=''
build_cpu='i686'
build_os='mingw32'
build_vendor='pc'
datadir='${prefix}/share'
exec_prefix='${prefix}'
host='i686-pc-mingw32'
host_alias=''
host_cpu='i686'
host_os='mingw32'
host_vendor='pc'
includedir='${prefix}/include'
infodir='${prefix}/info'
libdir='${exec_prefix}/lib'
libexecdir='${exec_prefix}/libexec'
localstatedir='${prefix}/var'
mandir='${prefix}/man'
oldincludedir='/usr/include'
prefix='/usr'
program_transform_name='s,x,x,'
sbindir='${exec_prefix}/sbin'
sharedstatedir='${prefix}/com'
sysconfdir='${prefix}/etc'
target='i686-pc-mingw32'
target_alias=''
target_cpu='i686'
target_os='mingw32'
target_vendor='pc'

## ----------- ##
## confdefs.h. ##
## ----------- ##

#define HAVE_BOOL 1
#define HAVE_DIRENT_H 1
#define HAVE_DIRENT_H 1
#define HAVE_FCNTL_H 1
#define HAVE_FSTREAM 1
#define HAVE_INTTYPES_H 1
#define HAVE_IOMANIP 1
#define HAVE_IOSTREAM 1
#define HAVE_LIMITS_H 1
#define HAVE_LONG_FILE_NAMES 1
#define HAVE_MEMORY_H 1
#define HAVE_MKDIR 1
#define HAVE_RMDIR 1
#define HAVE_SSTREAM 1
#define HAVE_STDINT_H 1
#define HAVE_STDLIB_H 1
#define HAVE_STRCASECMP 1
#define HAVE_STRICMP 1
#define HAVE_STRINGS_H 1
#define HAVE_STRING_H 1
#define HAVE_STRNCASECMP 1
#define HAVE_STRNICMP 1
#define HAVE_STRSTR 1
#define HAVE_STRSTREAM 1
#define HAVE_STRTOUL 1
#define HAVE_SYS_STAT_H 1
#define HAVE_SYS_STAT_H 1
#define HAVE_SYS_TYPES_H 1
#define HAVE_SYS_TYPES_H 1
#define HAVE_UNISTD_H 1
#define HAVE_UNISTD_H 1
#define PACKAGE_BUGREPORT ""
#define PACKAGE_NAME ""
#define PACKAGE_STRING ""
#define PACKAGE_TARNAME ""
#define PACKAGE_VERSION ""
#define SIZEOF_LONG_INT 4
#define STDC_HEADERS 1
#define STDC_HEADERS 1
#endif
#ifdef __cplusplus
extern "C" void std::exit (int) throw (); using std::exit;

configure: exit 0
